<?xml version="1.0" encoding="UTF-8" ?>
<testsuite tests="1" failures="0" name="com.sanjeev.webapp.test.SimpleTest" time="9.449" errors="1" skipped="0">
  <properties>
    <property name="java.vendor" value="Oracle Corporation"/>
    <property name="sun.java.launcher" value="SUN_STANDARD"/>
    <property name="catalina.base" value="C:\sanjeev\github\mytestTomcat\ironhide\ironhide-webapp-it\target\tomcat"/>
    <property name="sun.management.compiler" value="HotSpot Client Compiler"/>
    <property name="catalina.useNaming" value="true"/>
    <property name="os.name" value="Windows 8"/>
    <property name="sun.boot.class.path" value="C:\Program Files (x86)\Java\jdk1.8.0_05\jre\lib\resources.jar;C:\Program Files (x86)\Java\jdk1.8.0_05\jre\lib\rt.jar;C:\Program Files (x86)\Java\jdk1.8.0_05\jre\lib\sunrsasign.jar;C:\Program Files (x86)\Java\jdk1.8.0_05\jre\lib\jsse.jar;C:\Program Files (x86)\Java\jdk1.8.0_05\jre\lib\jce.jar;C:\Program Files (x86)\Java\jdk1.8.0_05\jre\lib\charsets.jar;C:\Program Files (x86)\Java\jdk1.8.0_05\jre\lib\jfr.jar;C:\Program Files (x86)\Java\jdk1.8.0_05\jre\classes"/>
    <property name="java.util.logging.config.file" value="C:\sanjeev\github\mytestTomcat\ironhide\ironhide-webapp-it\target\tomcat\conf\logging.properties"/>
    <property name="sun.desktop" value="windows"/>
    <property name="java.vm.specification.vendor" value="Oracle Corporation"/>
    <property name="java.runtime.version" value="1.8.0_05-b13"/>
    <property name="user.name" value="s.nair"/>
    <property name="shared.loader" value=""/>
    <property name="guice.disable.misplaced.annotation.check" value="true"/>
    <property name="tomcat.util.buf.StringCache.byte.enabled" value="true"/>
    <property name="user.language" value="en"/>
    <property name="java.naming.factory.initial" value="org.apache.naming.java.javaURLContextFactory"/>
    <property name="sun.boot.library.path" value="C:\Program Files (x86)\Java\jdk1.8.0_05\jre\bin"/>
    <property name="classworlds.conf" value="c:\apache-maven-3.2.1\bin\..\bin\m2.conf"/>
    <property name="java.version" value="1.8.0_05"/>
    <property name="java.util.logging.manager" value="org.apache.juli.ClassLoaderLogManager"/>
    <property name="user.timezone" value="Europe/Berlin"/>
    <property name="sun.arch.data.model" value="32"/>
    <property name="java.endorsed.dirs" value="C:\Program Files (x86)\Java\jdk1.8.0_05\jre\lib\endorsed"/>
    <property name="sun.cpu.isalist" value="pentium_pro+mmx pentium_pro pentium+mmx pentium i486 i386 i86"/>
    <property name="sun.jnu.encoding" value="Cp1252"/>
    <property name="file.encoding.pkg" value="sun.io"/>
    <property name="package.access" value="sun.,org.apache.catalina.,org.apache.coyote.,org.apache.tomcat.,org.apache.jasper."/>
    <property name="file.separator" value="\"/>
    <property name="java.specification.name" value="Java Platform API Specification"/>
    <property name="java.class.version" value="52.0"/>
    <property name="org.slf4j.simpleLogger.defaultLogLevel" value="info"/>
    <property name="user.country" value="US"/>
    <property name="java.home" value="C:\Program Files (x86)\Java\jdk1.8.0_05\jre"/>
    <property name="java.vm.info" value="mixed mode"/>
    <property name="os.version" value="6.2"/>
    <property name="path.separator" value=";"/>
    <property name="java.vm.version" value="25.5-b02"/>
    <property name="user.variant" value=""/>
    <property name="java.awt.printerjob" value="sun.awt.windows.WPrinterJob"/>
    <property name="sun.io.unicode.encoding" value="UnicodeLittle"/>
    <property name="tomcat.util.scan.DefaultJarScanner.jarsToSkip" value="bootstrap.jar,commons-daemon.jar,tomcat-juli.jar,annotations-api.jar,el-api.jar,jsp-api.jar,servlet-api.jar,catalina.jar,catalina-ant.jar,catalina-ha.jar,catalina-tribes.jar,jasper.jar,jasper-el.jar,ecj-*.jar,tomcat-api.jar,tomcat-util.jar,tomcat-coyote.jar,tomcat-dbcp.jar,tomcat-jni.jar,tomcat-spdy.jar,tomcat-i18n-en.jar,tomcat-i18n-es.jar,tomcat-i18n-fr.jar,tomcat-i18n-ja.jar,tomcat-juli-adapters.jar,catalina-jmx-remote.jar,catalina-ws.jar,tomcat-jdbc.jar,commons-beanutils*.jar,commons-codec*.jar,commons-collections*.jar,commons-dbcp*.jar,commons-digester*.jar,commons-fileupload*.jar,commons-httpclient*.jar,commons-io*.jar,commons-lang*.jar,commons-logging*.jar,commons-math*.jar,commons-pool*.jar,jstl.jar,geronimo-spec-jaxrpc*.jar,wsdl4j*.jar,ant.jar,ant-junit*.jar,aspectj*.jar,jmx.jar,h2*.jar,hibernate*.jar,httpclient*.jar,jmx-tools.jar,jta*.jar,log4j*.jar,mail*.jar,slf4j*.jar,xercesImpl.jar,xmlParserAPIs.jar,xml-apis.jar,access-bridge-64.jar,dnsns.jar,jaccess.jar,ldapsec.jar,localedata.jar,sunjce_provider.jar,sunmscapi.jar,sunpkcs11.jar,jhall.jar,tools.jar,sunec.jar,zipfs.jar,gnome-java-bridge.jar,pulse-java.jar,apple_provider.jar,AppleScriptEngine.jar,CoreAudio.jar,dns_sd.jar,j3daudio.jar,j3dcore.jar,j3dutils.jar,jai_core.jar,jai_codec.jar,mlibwrapper_jai.jar,MRJToolkit.jar,vecmath.jar,junit.jar,junit-*.jar,ant-launcher.jar"/>
    <property name="awt.toolkit" value="sun.awt.windows.WToolkit"/>
    <property name="sun.stdout.encoding" value="cp437"/>
    <property name="package.definition" value="sun.,java.,org.apache.catalina.,org.apache.coyote.,org.apache.tomcat.,org.apache.jasper."/>
    <property name="user.script" value=""/>
    <property name="java.naming.factory.url.pkgs" value="org.apache.naming"/>
    <property name="user.home" value="C:\Users\s.nair"/>
    <property name="org.apache.catalina.startup.ContextConfig.jarsToSkip" value=""/>
    <property name="java.specification.vendor" value="Oracle Corporation"/>
    <property name="java.library.path" value="C:\Program Files (x86)\Java\jdk1.8.0_05\bin;C:\Windows\Sun\Java\bin;C:\Windows\system32;C:\Windows;C:\app\s.nair\product\11.2.0\dbhome_1\bin;C:\sanjeev\oracle\product\11.2.0\client_1\bin;C:\Windows\system32;C:\Windows;C:\Windows\System32\Wbem;C:\Windows\System32\WindowsPowerShell\v1.0\;C:\Program Files\Intel\WiFi\bin\;C:\Program Files\Common Files\Intel\WirelessCommon\;C:\Program Files (x86)\Microsoft ASP.NET\ASP.NET Web Pages\v1.0\;C:\Program Files (x86)\Windows Kits\8.0\Windows Performance Toolkit\;C:\Program Files\Microsoft SQL Server\110\Tools\Binn\;c:\cygwin\bin;C:\Program Files (x86)\WinMerge;c:\Program Files\TortoiseSVN\bin;C:\sanjeev\liquibase_bin;C:\Program Files (x86)\Java\jdk1.8.0_05\bin;C:\Program Files (x86)\Java\jre8\bin;C:\Program Files\Microsoft\Web Platform Installer\;."/>
    <property name="java.vendor.url" value="http://java.oracle.com/"/>
    <property name="org.apache.catalina.startup.TldConfig.jarsToSkip" value=""/>
    <property name="java.vm.vendor" value="Oracle Corporation"/>
    <property name="common.loader" value="${catalina.base}/lib,${catalina.base}/lib/*.jar,${catalina.home}/lib,${catalina.home}/lib/*.jar"/>
    <property name="maven.home" value="c:\apache-maven-3.2.1\bin\.."/>
    <property name="java.runtime.name" value="Java(TM) SE Runtime Environment"/>
    <property name="sun.java.command" value="org.codehaus.plexus.classworlds.launcher.Launcher install"/>
    <property name="java.class.path" value="c:\apache-maven-3.2.1\bin\..\boot\plexus-classworlds-2.5.1.jar"/>
    <property name="java.vm.specification.name" value="Java Virtual Machine Specification"/>
    <property name="java.vm.specification.version" value="1.8"/>
    <property name="catalina.home" value="C:\sanjeev\github\mytestTomcat\ironhide\ironhide-webapp-it\target\tomcat"/>
    <property name="sun.cpu.endian" value="little"/>
    <property name="sun.os.patch.level" value=""/>
    <property name="java.io.tmpdir" value="C:\Users\S05AA~1.NAI\AppData\Local\Temp\"/>
    <property name="java.vendor.url.bug" value="http://bugreport.sun.com/bugreport/"/>
    <property name="server.loader" value=""/>
    <property name="os.arch" value="x86"/>
    <property name="java.awt.graphicsenv" value="sun.awt.Win32GraphicsEnvironment"/>
    <property name="java.ext.dirs" value="C:\Program Files (x86)\Java\jdk1.8.0_05\jre\lib\ext;C:\Windows\Sun\Java\lib\ext"/>
    <property name="user.dir" value="C:\sanjeev\github\mytestTomcat\ironhide"/>
    <property name="line.separator" value="
"/>
    <property name="java.vm.name" value="Java HotSpot(TM) Client VM"/>
    <property name="file.encoding" value="Cp1252"/>
    <property name="sun.stderr.encoding" value="cp437"/>
    <property name="tomcat.maven.http.port" value="9898"/>
    <property name="java.specification.version" value="1.8"/>
  </properties>
  <testcase classname="com.sanjeev.webapp.test.SimpleTest" name="testSimple" time="9.449">
    <error message="ERROR: Command execution failure. Please search the user group at https://groups.google.com/forum/#!forum/selenium-users for error details from the log window.  The error message is: Argument 1 of EventTarget.dispatchEvent does not implement interface Event." type="com.thoughtworks.selenium.SeleniumException">com.thoughtworks.selenium.SeleniumException: ERROR: Command execution failure. Please search the user group at https://groups.google.com/forum/#!forum/selenium-users for error details from the log window.  The error message is: Argument 1 of EventTarget.dispatchEvent does not implement interface Event.
	at com.thoughtworks.selenium.HttpCommandProcessor.throwAssertionFailureExceptionOrError(HttpCommandProcessor.java:97)
	at com.thoughtworks.selenium.HttpCommandProcessor.doCommand(HttpCommandProcessor.java:91)
	at com.thoughtworks.selenium.DefaultSelenium.click(DefaultSelenium.java:167)
	at com.sanjeev.webapp.test.SimpleTest.testSimple(SimpleTest.java:42)
	at sun.reflect.NativeMethodAccessorImpl.invoke0(Native Method)
	at sun.reflect.NativeMethodAccessorImpl.invoke(NativeMethodAccessorImpl.java:62)
	at sun.reflect.DelegatingMethodAccessorImpl.invoke(DelegatingMethodAccessorImpl.java:43)
	at java.lang.reflect.Method.invoke(Method.java:483)
	at junit.framework.TestCase.runTest(TestCase.java:168)
	at junit.framework.TestCase.runBare(TestCase.java:134)
	at junit.framework.TestResult$1.protect(TestResult.java:110)
	at junit.framework.TestResult.runProtected(TestResult.java:128)
	at junit.framework.TestResult.run(TestResult.java:113)
	at junit.framework.TestCase.run(TestCase.java:124)
	at junit.framework.TestSuite.runTest(TestSuite.java:243)
	at junit.framework.TestSuite.run(TestSuite.java:238)
	at org.junit.internal.runners.JUnit38ClassRunner.run(JUnit38ClassRunner.java:83)
	at org.apache.maven.surefire.junit4.JUnit4Provider.execute(JUnit4Provider.java:252)
	at org.apache.maven.surefire.junit4.JUnit4Provider.executeTestSet(JUnit4Provider.java:141)
	at org.apache.maven.surefire.junit4.JUnit4Provider.invoke(JUnit4Provider.java:112)
	at sun.reflect.NativeMethodAccessorImpl.invoke0(Native Method)
	at sun.reflect.NativeMethodAccessorImpl.invoke(NativeMethodAccessorImpl.java:62)
	at sun.reflect.DelegatingMethodAccessorImpl.invoke(DelegatingMethodAccessorImpl.java:43)
	at java.lang.reflect.Method.invoke(Method.java:483)
	at org.apache.maven.surefire.util.ReflectionUtils.invokeMethodWithArray(ReflectionUtils.java:189)
	at org.apache.maven.surefire.booter.ProviderFactory$ProviderProxy.invoke(ProviderFactory.java:165)
	at org.apache.maven.surefire.booter.ProviderFactory.invokeProvider(ProviderFactory.java:85)
	at org.apache.maven.surefire.booter.ForkedBooter.runSuitesInProcess(ForkedBooter.java:115)
	at org.apache.maven.surefire.booter.ForkedBooter.main(ForkedBooter.java:75)
</error>
  </testcase>
</testsuite>